<?xml version="1.0" encoding="UTF-8"?>
<testng-results ignored="0" total="1" passed="1" failed="0" skipped="0">
  <reporter-output>
  </reporter-output>
  <suite started-at="2024-09-05T13:16:01 IST" name="Default suite" finished-at="2024-09-05T13:17:27 IST" duration-ms="86165">
    <groups>
    </groups>
    <test started-at="2024-09-05T13:16:01 IST" name="Default test" finished-at="2024-09-05T13:17:27 IST" duration-ms="86165">
      <class name="Assessment_1.Firefox">
        <test-method signature="Test_In_Firefox1()[pri:0, instance:Assessment_1.Firefox@28dcca0c]" started-at="2024-09-05T13:16:01 IST" name="Test_In_Firefox1" finished-at="2024-09-05T13:17:27 IST" duration-ms="86024" status="PASS">
          <reporter-output>
          </reporter-output>
        </test-method> <!-- Test_In_Firefox1 -->
      </class> <!-- Assessment_1.Firefox -->
    </test> <!-- Default test -->
  </suite> <!-- Default suite -->
</testng-results>
